<?xml version="1.0" encoding="UTF-8"?>
<!-- Generated by org.testng.reporters.JUnitXMLReporter -->
<testsuite ignored="1" hostname="LTIN183334" failures="0" tests="9" name="Test" time="0.155" errors="0" timestamp="2024-03-13T14:09:28 IST">
  <testcase classname="trutime.baseclass.BaseClass" name="@BeforeTest createDriver" time="-1.710319168602E9">
    <failure type="org.testng.TestNGException" message="
Parameter &amp;apos;browser&amp;apos; is required by BeforeTest on method createDriver but has not been marked @Optional or defined
in C:\Users\2318178\Downloads\CAS 2\testng.xml">
      <![CDATA[org.testng.TestNGException: 
Parameter 'browser' is required by BeforeTest on method createDriver but has not been marked @Optional or defined
in C:\Users\2318178\Downloads\CAS 2\testng.xml
... Removed 21 stack frames]]>
    </failure>
  </testcase> <!-- @BeforeTest createDriver -->
  <testcase classname="trutime.tests.BeCognizantTests" name="@BeforeClass createBeCognizant" time="0.0">
    <skipped/>
  </testcase> <!-- @BeforeClass createBeCognizant -->
  <testcase classname="trutime.tests.OneCognizantTests" name="@BeforeClass createOneCognizant" time="0.0">
    <skipped/>
  </testcase> <!-- @BeforeClass createOneCognizant -->
  <testcase classname="trutime.tests.BeCognizantTests" name="launchBeCognizant" time="0.0">
    <skipped/>
  </testcase> <!-- launchBeCognizant -->
  <testcase classname="trutime.tests.BeCognizantTests" name="validateDetails" time="0.0">
    <skipped/>
  </testcase> <!-- validateDetails -->
  <testcase classname="trutime.tests.OneCognizantTests" name="launchOneCognizantT" time="0.0">
    <skipped/>
  </testcase> <!-- launchOneCognizantT -->
  <testcase classname="trutime.tests.OneCognizantTests" name="populateSearchBarT" time="0.001">
    <skipped/>
  </testcase> <!-- populateSearchBarT -->
  <testcase classname="trutime.tests.OneCognizantTests" name="weekValidationT" time="0.0">
    <skipped/>
  </testcase> <!-- weekValidationT -->
  <testcase classname="trutime.tests.OneCognizantTests" name="currentDateValidationT" time="0.0">
    <skipped/>
  </testcase> <!-- currentDateValidationT -->
  <testcase classname="trutime.tests.OneCognizantTests" name="currentMonthYearValidationT" time="0.0">
    <skipped/>
  </testcase> <!-- currentMonthYearValidationT -->
  <testcase classname="trutime.tests.OneCognizantTests" name="topUpsAvailableDateT" time="0.0">
    <skipped/>
  </testcase> <!-- topUpsAvailableDateT -->
  <testcase classname="trutime.tests.OneCognizantTests" name="validateLegendsT" time="0.0">
    <skipped/>
  </testcase> <!-- validateLegendsT -->
  <testcase classname="trutime.baseclass.BaseClass" name="@BeforeTest createDriver" time="0.0">
    <ignored/>
  </testcase> <!-- @BeforeTest createDriver -->
</testsuite> <!-- Test -->
