<?xml version="1.0" encoding="UTF-8"?>
<testng-results ignored="0" total="9" passed="8" failed="1" skipped="0">
  <reporter-output>
  </reporter-output>
  <suite started-at="2024-03-15T11:45:32 IST" name="CAS Chrome Testsuite" finished-at="2024-03-15T11:47:06 IST" duration-ms="94144">
    <groups>
    </groups>
    <test started-at="2024-03-15T11:45:32 IST" name="Edge Test" finished-at="2024-03-15T11:47:06 IST" duration-ms="94144">
      <class name="trutime.tests.BeCognizantTests">
        <test-method is-config="true" signature="createDriver(java.lang.String)[pri:0, instance:trutime.tests.BeCognizantTests@56bca85b]" started-at="2024-03-15T11:45:32 IST" name="createDriver" finished-at="2024-03-15T11:45:41 IST" duration-ms="8664" status="PASS">
          <params>
            <param index="0">
              <value>
                <![CDATA[edge]]>
              </value>
            </param>
          </params>
          <reporter-output>
          </reporter-output>
        </test-method> <!-- createDriver -->
        <test-method is-config="true" signature="createBeCognizant()[pri:0, instance:trutime.tests.BeCognizantTests@56bca85b]" started-at="2024-03-15T11:45:41 IST" name="createBeCognizant" finished-at="2024-03-15T11:45:41 IST" duration-ms="59" status="PASS">
          <reporter-output>
          </reporter-output>
        </test-method> <!-- createBeCognizant -->
        <test-method signature="launchBeCognizant()[pri:0, instance:trutime.tests.BeCognizantTests@56bca85b]" started-at="2024-03-15T11:45:41 IST" name="launchBeCognizant" finished-at="2024-03-15T11:45:47 IST" duration-ms="5793" status="PASS">
          <reporter-output>
          </reporter-output>
        </test-method> <!-- launchBeCognizant -->
        <test-method signature="validateDetails()[pri:1, instance:trutime.tests.BeCognizantTests@56bca85b]" started-at="2024-03-15T11:45:47 IST" name="validateDetails" finished-at="2024-03-15T11:46:19 IST" duration-ms="31927" status="FAIL">
          <exception class="java.lang.AssertionError">
            <message>
              <![CDATA[expected [Roy, Shamik (Contractor)] but found []]]>
            </message>
            <full-stacktrace>
              <![CDATA[java.lang.AssertionError: expected [Roy, Shamik (Contractor)] but found []
at org.testng.Assert.fail(Assert.java:111)
at org.testng.Assert.failNotEquals(Assert.java:1578)
at org.testng.Assert.assertEqualsImpl(Assert.java:150)
at org.testng.Assert.assertEquals(Assert.java:132)
at org.testng.Assert.assertEquals(Assert.java:656)
at org.testng.Assert.assertEquals(Assert.java:666)
at trutime.tests.BeCognizantTests.validateDetails(BeCognizantTests.java:28)
at java.base/jdk.internal.reflect.NativeMethodAccessorImpl.invoke0(Native Method)
at java.base/jdk.internal.reflect.NativeMethodAccessorImpl.invoke(NativeMethodAccessorImpl.java:77)
at java.base/jdk.internal.reflect.DelegatingMethodAccessorImpl.invoke(DelegatingMethodAccessorImpl.java:43)
at java.base/java.lang.reflect.Method.invoke(Method.java:568)
at org.testng.internal.invokers.MethodInvocationHelper.invokeMethod(MethodInvocationHelper.java:139)
at org.testng.internal.invokers.TestInvoker.invokeMethod(TestInvoker.java:664)
at org.testng.internal.invokers.TestInvoker.invokeTestMethod(TestInvoker.java:227)
at org.testng.internal.invokers.MethodRunner.runInSequence(MethodRunner.java:50)
at org.testng.internal.invokers.TestInvoker$MethodInvocationAgent.invoke(TestInvoker.java:957)
at org.testng.internal.invokers.TestInvoker.invokeTestMethods(TestInvoker.java:200)
at org.testng.internal.invokers.TestMethodWorker.invokeTestMethods(TestMethodWorker.java:148)
at org.testng.internal.invokers.TestMethodWorker.run(TestMethodWorker.java:128)
at java.base/java.util.ArrayList.forEach(ArrayList.java:1511)
at org.testng.TestRunner.privateRun(TestRunner.java:848)
at org.testng.TestRunner.run(TestRunner.java:621)
at org.testng.SuiteRunner.runTest(SuiteRunner.java:443)
at org.testng.SuiteRunner.runSequentially(SuiteRunner.java:437)
at org.testng.SuiteRunner.privateRun(SuiteRunner.java:397)
at org.testng.SuiteRunner.run(SuiteRunner.java:336)
at org.testng.SuiteRunnerWorker.runSuite(SuiteRunnerWorker.java:52)
at org.testng.SuiteRunnerWorker.run(SuiteRunnerWorker.java:95)
at org.testng.TestNG.runSuitesSequentially(TestNG.java:1280)
at org.testng.TestNG.runSuitesSequentially(TestNG.java:1275)
at org.testng.TestNG.runSuitesLocally(TestNG.java:1200)
at org.testng.TestNG.runSuites(TestNG.java:1114)
at org.testng.TestNG.run(TestNG.java:1082)
at org.testng.remote.AbstractRemoteTestNG.run(AbstractRemoteTestNG.java:115)
at org.testng.remote.RemoteTestNG.initAndRun(RemoteTestNG.java:251)
at org.testng.remote.RemoteTestNG.main(RemoteTestNG.java:77)
]]>
            </full-stacktrace>
          </exception> <!-- java.lang.AssertionError -->
          <reporter-output>
          </reporter-output>
        </test-method> <!-- validateDetails -->
      </class> <!-- trutime.tests.BeCognizantTests -->
      <class name="trutime.tests.OneCognizantTests">
        <test-method is-config="true" signature="createOneCognizant()[pri:0, instance:trutime.tests.OneCognizantTests@1fcb4808]" started-at="2024-03-15T11:46:19 IST" name="createOneCognizant" finished-at="2024-03-15T11:46:19 IST" duration-ms="16" status="PASS">
          <reporter-output>
          </reporter-output>
        </test-method> <!-- createOneCognizant -->
        <test-method signature="launchOneCognizantT()[pri:0, instance:trutime.tests.OneCognizantTests@1fcb4808]" started-at="2024-03-15T11:46:19 IST" name="launchOneCognizantT" finished-at="2024-03-15T11:46:30 IST" duration-ms="10686" status="PASS">
          <reporter-output>
          </reporter-output>
        </test-method> <!-- launchOneCognizantT -->
        <test-method signature="populateSearchBarT()[pri:1, instance:trutime.tests.OneCognizantTests@1fcb4808]" started-at="2024-03-15T11:46:30 IST" name="populateSearchBarT" finished-at="2024-03-15T11:47:05 IST" duration-ms="34800" status="PASS">
          <reporter-output>
          </reporter-output>
        </test-method> <!-- populateSearchBarT -->
        <test-method signature="weekValidationT()[pri:2, instance:trutime.tests.OneCognizantTests@1fcb4808]" started-at="2024-03-15T11:47:05 IST" name="weekValidationT" finished-at="2024-03-15T11:47:05 IST" duration-ms="197" status="PASS">
          <reporter-output>
          </reporter-output>
        </test-method> <!-- weekValidationT -->
        <test-method signature="currentDateValidationT()[pri:4, instance:trutime.tests.OneCognizantTests@1fcb4808]" started-at="2024-03-15T11:47:05 IST" name="currentDateValidationT" finished-at="2024-03-15T11:47:05 IST" duration-ms="43" status="PASS">
          <reporter-output>
          </reporter-output>
        </test-method> <!-- currentDateValidationT -->
        <test-method signature="currentMonthYearValidationT()[pri:5, instance:trutime.tests.OneCognizantTests@1fcb4808]" started-at="2024-03-15T11:47:05 IST" name="currentMonthYearValidationT" finished-at="2024-03-15T11:47:05 IST" duration-ms="108" status="PASS">
          <reporter-output>
          </reporter-output>
        </test-method> <!-- currentMonthYearValidationT -->
        <test-method signature="topUpsAvailableDateT()[pri:6, instance:trutime.tests.OneCognizantTests@1fcb4808]" started-at="2024-03-15T11:47:05 IST" name="topUpsAvailableDateT" finished-at="2024-03-15T11:47:05 IST" duration-ms="49" status="PASS">
          <reporter-output>
          </reporter-output>
        </test-method> <!-- topUpsAvailableDateT -->
        <test-method signature="validateLegendsT()[pri:7, instance:trutime.tests.OneCognizantTests@1fcb4808]" started-at="2024-03-15T11:47:05 IST" name="validateLegendsT" finished-at="2024-03-15T11:47:06 IST" duration-ms="635" status="PASS">
          <reporter-output>
          </reporter-output>
        </test-method> <!-- validateLegendsT -->
      </class> <!-- trutime.tests.OneCognizantTests -->
    </test> <!-- Edge Test -->
  </suite> <!-- CAS Chrome Testsuite -->
  <suite started-at="2024-03-15T11:47:09 IST" name="CAS Generic Testsuite" finished-at="2024-03-15T11:47:09 IST" duration-ms="0">
    <groups>
    </groups>
  </suite> <!-- CAS Generic Testsuite -->
</testng-results>
